<?xml version="1.0" encoding="UTF-8"?>
<testng-results ignored="0" total="1" passed="1" failed="0" skipped="0">
  <reporter-output>
  </reporter-output>
  <suite started-at="2021-03-03T06:49:14Z" name="Default suite" finished-at="2021-03-03T06:49:26Z" duration-ms="11630">
    <groups>
    </groups>
    <test started-at="2021-03-03T06:49:14Z" name="Default test" finished-at="2021-03-03T06:49:26Z" duration-ms="11630">
      <class name="basic.Invoke_Browser">
        <test-method signature="getTitle()[pri:0, instance:basic.Invoke_Browser@1838ccb8]" started-at="2021-03-03T06:49:14Z" name="getTitle" finished-at="2021-03-03T06:49:26Z" duration-ms="11585" status="PASS">
          <reporter-output>
          </reporter-output>
        </test-method> <!-- getTitle -->
      </class> <!-- basic.Invoke_Browser -->
    </test> <!-- Default test -->
  </suite> <!-- Default suite -->
</testng-results>
